The system is: Linux - 4.15.0-58-generic - x86_64
Compiling the C compiler identification source file "CMakeCCompilerId.c" succeeded.
Compiler: /usr/bin/cc 
Build flags: 
Id flags:  

The output was:
0


Compilation of the C compiler identification source "CMakeCCompilerId.c" produced "a.out"

The C compiler identification is GNU, found in "/home/yury/Документы/from_github/stlink/build/Release/CMakeFiles/3.10.2/CompilerIdC/a.out"

Determining if the C compiler works passed with the following output:
Change Dir: /home/yury/Документы/from_github/stlink/build/Release/CMakeFiles/CMakeTmp

Run Build Command:"/usr/bin/make" "cmTC_eda37/fast"
make[1]: вход в каталог «/home/yury/Документы/from_github/stlink/build/Release/CMakeFiles/CMakeTmp»
/usr/bin/make -f CMakeFiles/cmTC_eda37.dir/build.make CMakeFiles/cmTC_eda37.dir/build
make[2]: вход в каталог «/home/yury/Документы/from_github/stlink/build/Release/CMakeFiles/CMakeTmp»
Building C object CMakeFiles/cmTC_eda37.dir/testCCompiler.c.o
/usr/bin/cc    -o CMakeFiles/cmTC_eda37.dir/testCCompiler.c.o   -c /home/yury/Документы/from_github/stlink/build/Release/CMakeFiles/CMakeTmp/testCCompiler.c
Linking C executable cmTC_eda37
/usr/bin/cmake -E cmake_link_script CMakeFiles/cmTC_eda37.dir/link.txt --verbose=1
/usr/bin/cc      -rdynamic CMakeFiles/cmTC_eda37.dir/testCCompiler.c.o  -o cmTC_eda37 
make[2]: выход из каталога «/home/yury/Документы/from_github/stlink/build/Release/CMakeFiles/CMakeTmp»
make[1]: выход из каталога «/home/yury/Документы/from_github/stlink/build/Release/CMakeFiles/CMakeTmp»


Detecting C compiler ABI info compiled with the following output:
Change Dir: /home/yury/Документы/from_github/stlink/build/Release/CMakeFiles/CMakeTmp

Run Build Command:"/usr/bin/make" "cmTC_5166e/fast"
make[1]: вход в каталог «/home/yury/Документы/from_github/stlink/build/Release/CMakeFiles/CMakeTmp»
/usr/bin/make -f CMakeFiles/cmTC_5166e.dir/build.make CMakeFiles/cmTC_5166e.dir/build
make[2]: вход в каталог «/home/yury/Документы/from_github/stlink/build/Release/CMakeFiles/CMakeTmp»
Building C object CMakeFiles/cmTC_5166e.dir/CMakeCCompilerABI.c.o
/usr/bin/cc    -o CMakeFiles/cmTC_5166e.dir/CMakeCCompilerABI.c.o   -c /usr/share/cmake-3.10/Modules/CMakeCCompilerABI.c
Linking C executable cmTC_5166e
/usr/bin/cmake -E cmake_link_script CMakeFiles/cmTC_5166e.dir/link.txt --verbose=1
/usr/bin/cc     -v -rdynamic CMakeFiles/cmTC_5166e.dir/CMakeCCompilerABI.c.o  -o cmTC_5166e 
Using built-in specs.
COLLECT_GCC=/usr/bin/cc
COLLECT_LTO_WRAPPER=/usr/lib/gcc/x86_64-linux-gnu/7/lto-wrapper
OFFLOAD_TARGET_NAMES=nvptx-none
OFFLOAD_TARGET_DEFAULT=1
Target: x86_64-linux-gnu
Configured with: ../src/configure -v --with-pkgversion='Ubuntu 7.4.0-1ubuntu1~18.04.1' --with-bugurl=file:///usr/share/doc/gcc-7/README.Bugs --enable-languages=c,ada,c++,go,brig,d,fortran,objc,obj-c++ --prefix=/usr --with-gcc-major-version-only --program-suffix=-7 --program-prefix=x86_64-linux-gnu- --enable-shared --enable-linker-build-id --libexecdir=/usr/lib --without-included-gettext --enable-threads=posix --libdir=/usr/lib --enable-nls --with-sysroot=/ --enable-clocale=gnu --enable-libstdcxx-debug --enable-libstdcxx-time=yes --with-default-libstdcxx-abi=new --enable-gnu-unique-object --disable-vtable-verify --enable-libmpx --enable-plugin --enable-default-pie --with-system-zlib --with-target-system-zlib --enable-objc-gc=auto --enable-multiarch --disable-werror --with-arch-32=i686 --with-abi=m64 --with-multilib-list=m32,m64,mx32 --enable-multilib --with-tune=generic --enable-offload-targets=nvptx-none --without-cuda-driver --enable-checking=release --build=x86_64-linux-gnu --host=x86_64-linux-gnu --target=x86_64-linux-gnu
Thread model: posix
gcc version 7.4.0 (Ubuntu 7.4.0-1ubuntu1~18.04.1) 
COMPILER_PATH=/usr/lib/gcc/x86_64-linux-gnu/7/:/usr/lib/gcc/x86_64-linux-gnu/7/:/usr/lib/gcc/x86_64-linux-gnu/:/usr/lib/gcc/x86_64-linux-gnu/7/:/usr/lib/gcc/x86_64-linux-gnu/
LIBRARY_PATH=/usr/lib/gcc/x86_64-linux-gnu/7/:/usr/lib/gcc/x86_64-linux-gnu/7/../../../x86_64-linux-gnu/:/usr/lib/gcc/x86_64-linux-gnu/7/../../../../lib/:/lib/x86_64-linux-gnu/:/lib/../lib/:/usr/lib/x86_64-linux-gnu/:/usr/lib/../lib/:/usr/lib/gcc/x86_64-linux-gnu/7/../../../:/lib/:/usr/lib/
COLLECT_GCC_OPTIONS='-v' '-rdynamic' '-o' 'cmTC_5166e' '-mtune=generic' '-march=x86-64'
 /usr/lib/gcc/x86_64-linux-gnu/7/collect2 -plugin /usr/lib/gcc/x86_64-linux-gnu/7/liblto_plugin.so -plugin-opt=/usr/lib/gcc/x86_64-linux-gnu/7/lto-wrapper -plugin-opt=-fresolution=/tmp/ccNteezt.res -plugin-opt=-pass-through=-lgcc -plugin-opt=-pass-through=-lgcc_s -plugin-opt=-pass-through=-lc -plugin-opt=-pass-through=-lgcc -plugin-opt=-pass-through=-lgcc_s --sysroot=/ --build-id --eh-frame-hdr -m elf_x86_64 --hash-style=gnu --as-needed -export-dynamic -dynamic-linker /lib64/ld-linux-x86-64.so.2 -pie -z now -z relro -o cmTC_5166e /usr/lib/gcc/x86_64-linux-gnu/7/../../../x86_64-linux-gnu/Scrt1.o /usr/lib/gcc/x86_64-linux-gnu/7/../../../x86_64-linux-gnu/crti.o /usr/lib/gcc/x86_64-linux-gnu/7/crtbeginS.o -L/usr/lib/gcc/x86_64-linux-gnu/7 -L/usr/lib/gcc/x86_64-linux-gnu/7/../../../x86_64-linux-gnu -L/usr/lib/gcc/x86_64-linux-gnu/7/../../../../lib -L/lib/x86_64-linux-gnu -L/lib/../lib -L/usr/lib/x86_64-linux-gnu -L/usr/lib/../lib -L/usr/lib/gcc/x86_64-linux-gnu/7/../../.. CMakeFiles/cmTC_5166e.dir/CMakeCCompilerABI.c.o -lgcc --push-state --as-needed -lgcc_s --pop-state -lc -lgcc --push-state --as-needed -lgcc_s --pop-state /usr/lib/gcc/x86_64-linux-gnu/7/crtendS.o /usr/lib/gcc/x86_64-linux-gnu/7/../../../x86_64-linux-gnu/crtn.o
COLLECT_GCC_OPTIONS='-v' '-rdynamic' '-o' 'cmTC_5166e' '-mtune=generic' '-march=x86-64'
make[2]: выход из каталога «/home/yury/Документы/from_github/stlink/build/Release/CMakeFiles/CMakeTmp»
make[1]: выход из каталога «/home/yury/Документы/from_github/stlink/build/Release/CMakeFiles/CMakeTmp»


Parsed C implicit link information from above output:
  link line regex: [^( *|.*[/\])(ld|CMAKE_LINK_STARTFILE-NOTFOUND|([^/\]+-)?ld|collect2)[^/\]*( |$)]
  ignore line: [Change Dir: /home/yury/Документы/from_github/stlink/build/Release/CMakeFiles/CMakeTmp]
  ignore line: []
  ignore line: [Run Build Command:"/usr/bin/make" "cmTC_5166e/fast"]
  ignore line: [make[1]: вход в каталог «/home/yury/Документы/from_github/stlink/build/Release/CMakeFiles/CMakeTmp»]
  ignore line: [/usr/bin/make -f CMakeFiles/cmTC_5166e.dir/build.make CMakeFiles/cmTC_5166e.dir/build]
  ignore line: [make[2]: вход в каталог «/home/yury/Документы/from_github/stlink/build/Release/CMakeFiles/CMakeTmp»]
  ignore line: [Building C object CMakeFiles/cmTC_5166e.dir/CMakeCCompilerABI.c.o]
  ignore line: [/usr/bin/cc    -o CMakeFiles/cmTC_5166e.dir/CMakeCCompilerABI.c.o   -c /usr/share/cmake-3.10/Modules/CMakeCCompilerABI.c]
  ignore line: [Linking C executable cmTC_5166e]
  ignore line: [/usr/bin/cmake -E cmake_link_script CMakeFiles/cmTC_5166e.dir/link.txt --verbose=1]
  ignore line: [/usr/bin/cc     -v -rdynamic CMakeFiles/cmTC_5166e.dir/CMakeCCompilerABI.c.o  -o cmTC_5166e ]
  ignore line: [Using built-in specs.]
  ignore line: [COLLECT_GCC=/usr/bin/cc]
  ignore line: [COLLECT_LTO_WRAPPER=/usr/lib/gcc/x86_64-linux-gnu/7/lto-wrapper]
  ignore line: [OFFLOAD_TARGET_NAMES=nvptx-none]
  ignore line: [OFFLOAD_TARGET_DEFAULT=1]
  ignore line: [Target: x86_64-linux-gnu]
  ignore line: [Configured with: ../src/configure -v --with-pkgversion='Ubuntu 7.4.0-1ubuntu1~18.04.1' --with-bugurl=file:///usr/share/doc/gcc-7/README.Bugs --enable-languages=c,ada,c++,go,brig,d,fortran,objc,obj-c++ --prefix=/usr --with-gcc-major-version-only --program-suffix=-7 --program-prefix=x86_64-linux-gnu- --enable-shared --enable-linker-build-id --libexecdir=/usr/lib --without-included-gettext --enable-threads=posix --libdir=/usr/lib --enable-nls --with-sysroot=/ --enable-clocale=gnu --enable-libstdcxx-debug --enable-libstdcxx-time=yes --with-default-libstdcxx-abi=new --enable-gnu-unique-object --disable-vtable-verify --enable-libmpx --enable-plugin --enable-default-pie --with-system-zlib --with-target-system-zlib --enable-objc-gc=auto --enable-multiarch --disable-werror --with-arch-32=i686 --with-abi=m64 --with-multilib-list=m32,m64,mx32 --enable-multilib --with-tune=generic --enable-offload-targets=nvptx-none --without-cuda-driver --enable-checking=release --build=x86_64-linux-gnu --host=x86_64-linux-gnu --target=x86_64-linux-gnu]
  ignore line: [Thread model: posix]
  ignore line: [gcc version 7.4.0 (Ubuntu 7.4.0-1ubuntu1~18.04.1) ]
  ignore line: [COMPILER_PATH=/usr/lib/gcc/x86_64-linux-gnu/7/:/usr/lib/gcc/x86_64-linux-gnu/7/:/usr/lib/gcc/x86_64-linux-gnu/:/usr/lib/gcc/x86_64-linux-gnu/7/:/usr/lib/gcc/x86_64-linux-gnu/]
  ignore line: [LIBRARY_PATH=/usr/lib/gcc/x86_64-linux-gnu/7/:/usr/lib/gcc/x86_64-linux-gnu/7/../../../x86_64-linux-gnu/:/usr/lib/gcc/x86_64-linux-gnu/7/../../../../lib/:/lib/x86_64-linux-gnu/:/lib/../lib/:/usr/lib/x86_64-linux-gnu/:/usr/lib/../lib/:/usr/lib/gcc/x86_64-linux-gnu/7/../../../:/lib/:/usr/lib/]
  ignore line: [COLLECT_GCC_OPTIONS='-v' '-rdynamic' '-o' 'cmTC_5166e' '-mtune=generic' '-march=x86-64']
  link line: [ /usr/lib/gcc/x86_64-linux-gnu/7/collect2 -plugin /usr/lib/gcc/x86_64-linux-gnu/7/liblto_plugin.so -plugin-opt=/usr/lib/gcc/x86_64-linux-gnu/7/lto-wrapper -plugin-opt=-fresolution=/tmp/ccNteezt.res -plugin-opt=-pass-through=-lgcc -plugin-opt=-pass-through=-lgcc_s -plugin-opt=-pass-through=-lc -plugin-opt=-pass-through=-lgcc -plugin-opt=-pass-through=-lgcc_s --sysroot=/ --build-id --eh-frame-hdr -m elf_x86_64 --hash-style=gnu --as-needed -export-dynamic -dynamic-linker /lib64/ld-linux-x86-64.so.2 -pie -z now -z relro -o cmTC_5166e /usr/lib/gcc/x86_64-linux-gnu/7/../../../x86_64-linux-gnu/Scrt1.o /usr/lib/gcc/x86_64-linux-gnu/7/../../../x86_64-linux-gnu/crti.o /usr/lib/gcc/x86_64-linux-gnu/7/crtbeginS.o -L/usr/lib/gcc/x86_64-linux-gnu/7 -L/usr/lib/gcc/x86_64-linux-gnu/7/../../../x86_64-linux-gnu -L/usr/lib/gcc/x86_64-linux-gnu/7/../../../../lib -L/lib/x86_64-linux-gnu -L/lib/../lib -L/usr/lib/x86_64-linux-gnu -L/usr/lib/../lib -L/usr/lib/gcc/x86_64-linux-gnu/7/../../.. CMakeFiles/cmTC_5166e.dir/CMakeCCompilerABI.c.o -lgcc --push-state --as-needed -lgcc_s --pop-state -lc -lgcc --push-state --as-needed -lgcc_s --pop-state /usr/lib/gcc/x86_64-linux-gnu/7/crtendS.o /usr/lib/gcc/x86_64-linux-gnu/7/../../../x86_64-linux-gnu/crtn.o]
    arg [/usr/lib/gcc/x86_64-linux-gnu/7/collect2] ==> ignore
    arg [-plugin] ==> ignore
    arg [/usr/lib/gcc/x86_64-linux-gnu/7/liblto_plugin.so] ==> ignore
    arg [-plugin-opt=/usr/lib/gcc/x86_64-linux-gnu/7/lto-wrapper] ==> ignore
    arg [-plugin-opt=-fresolution=/tmp/ccNteezt.res] ==> ignore
    arg [-plugin-opt=-pass-through=-lgcc] ==> ignore
    arg [-plugin-opt=-pass-through=-lgcc_s] ==> ignore
    arg [-plugin-opt=-pass-through=-lc] ==> ignore
    arg [-plugin-opt=-pass-through=-lgcc] ==> ignore
    arg [-plugin-opt=-pass-through=-lgcc_s] ==> ignore
    arg [--sysroot=/] ==> ignore
    arg [--build-id] ==> ignore
    arg [--eh-frame-hdr] ==> ignore
    arg [-m] ==> ignore
    arg [elf_x86_64] ==> ignore
    arg [--hash-style=gnu] ==> ignore
    arg [--as-needed] ==> ignore
    arg [-export-dynamic] ==> ignore
    arg [-dynamic-linker] ==> ignore
    arg [/lib64/ld-linux-x86-64.so.2] ==> ignore
    arg [-pie] ==> ignore
    arg [-znow] ==> ignore
    arg [-zrelro] ==> ignore
    arg [-o] ==> ignore
    arg [cmTC_5166e] ==> ignore
    arg [/usr/lib/gcc/x86_64-linux-gnu/7/../../../x86_64-linux-gnu/Scrt1.o] ==> ignore
    arg [/usr/lib/gcc/x86_64-linux-gnu/7/../../../x86_64-linux-gnu/crti.o] ==> ignore
    arg [/usr/lib/gcc/x86_64-linux-gnu/7/crtbeginS.o] ==> ignore
    arg [-L/usr/lib/gcc/x86_64-linux-gnu/7] ==> dir [/usr/lib/gcc/x86_64-linux-gnu/7]
    arg [-L/usr/lib/gcc/x86_64-linux-gnu/7/../../../x86_64-linux-gnu] ==> dir [/usr/lib/gcc/x86_64-linux-gnu/7/../../../x86_64-linux-gnu]
    arg [-L/usr/lib/gcc/x86_64-linux-gnu/7/../../../../lib] ==> dir [/usr/lib/gcc/x86_64-linux-gnu/7/../../../../lib]
    arg [-L/lib/x86_64-linux-gnu] ==> dir [/lib/x86_64-linux-gnu]
    arg [-L/lib/../lib] ==> dir [/lib/../lib]
    arg [-L/usr/lib/x86_64-linux-gnu] ==> dir [/usr/lib/x86_64-linux-gnu]
    arg [-L/usr/lib/../lib] ==> dir [/usr/lib/../lib]
    arg [-L/usr/lib/gcc/x86_64-linux-gnu/7/../../..] ==> dir [/usr/lib/gcc/x86_64-linux-gnu/7/../../..]
    arg [CMakeFiles/cmTC_5166e.dir/CMakeCCompilerABI.c.o] ==> ignore
    arg [-lgcc] ==> lib [gcc]
    arg [--push-state] ==> ignore
    arg [--as-needed] ==> ignore
    arg [-lgcc_s] ==> lib [gcc_s]
    arg [--pop-state] ==> ignore
    arg [-lc] ==> lib [c]
    arg [-lgcc] ==> lib [gcc]
    arg [--push-state] ==> ignore
    arg [--as-needed] ==> ignore
    arg [-lgcc_s] ==> lib [gcc_s]
    arg [--pop-state] ==> ignore
    arg [/usr/lib/gcc/x86_64-linux-gnu/7/crtendS.o] ==> ignore
    arg [/usr/lib/gcc/x86_64-linux-gnu/7/../../../x86_64-linux-gnu/crtn.o] ==> ignore
  collapse library dir [/usr/lib/gcc/x86_64-linux-gnu/7] ==> [/usr/lib/gcc/x86_64-linux-gnu/7]
  collapse library dir [/usr/lib/gcc/x86_64-linux-gnu/7/../../../x86_64-linux-gnu] ==> [/usr/lib/x86_64-linux-gnu]
  collapse library dir [/usr/lib/gcc/x86_64-linux-gnu/7/../../../../lib] ==> [/usr/lib]
  collapse library dir [/lib/x86_64-linux-gnu] ==> [/lib/x86_64-linux-gnu]
  collapse library dir [/lib/../lib] ==> [/lib]
  collapse library dir [/usr/lib/x86_64-linux-gnu] ==> [/usr/lib/x86_64-linux-gnu]
  collapse library dir [/usr/lib/../lib] ==> [/usr/lib]
  collapse library dir [/usr/lib/gcc/x86_64-linux-gnu/7/../../..] ==> [/usr/lib]
  implicit libs: [gcc;gcc_s;c;gcc;gcc_s]
  implicit dirs: [/usr/lib/gcc/x86_64-linux-gnu/7;/usr/lib/x86_64-linux-gnu;/usr/lib;/lib/x86_64-linux-gnu;/lib]
  implicit fwks: []




Detecting C [-std=c11] compiler features compiled with the following output:
Change Dir: /home/yury/Документы/from_github/stlink/build/Release/CMakeFiles/CMakeTmp

Run Build Command:"/usr/bin/make" "cmTC_e6885/fast"
make[1]: вход в каталог «/home/yury/Документы/from_github/stlink/build/Release/CMakeFiles/CMakeTmp»
/usr/bin/make -f CMakeFiles/cmTC_e6885.dir/build.make CMakeFiles/cmTC_e6885.dir/build
make[2]: вход в каталог «/home/yury/Документы/from_github/stlink/build/Release/CMakeFiles/CMakeTmp»
Building C object CMakeFiles/cmTC_e6885.dir/feature_tests.c.o
/usr/bin/cc   -std=c11 -o CMakeFiles/cmTC_e6885.dir/feature_tests.c.o   -c /home/yury/Документы/from_github/stlink/build/Release/CMakeFiles/feature_tests.c
Linking C executable cmTC_e6885
/usr/bin/cmake -E cmake_link_script CMakeFiles/cmTC_e6885.dir/link.txt --verbose=1
/usr/bin/cc      -rdynamic CMakeFiles/cmTC_e6885.dir/feature_tests.c.o  -o cmTC_e6885 
make[2]: выход из каталога «/home/yury/Документы/from_github/stlink/build/Release/CMakeFiles/CMakeTmp»
make[1]: выход из каталога «/home/yury/Документы/from_github/stlink/build/Release/CMakeFiles/CMakeTmp»


    Feature record: C_FEATURE:1c_function_prototypes
    Feature record: C_FEATURE:1c_restrict
    Feature record: C_FEATURE:1c_static_assert
    Feature record: C_FEATURE:1c_variadic_macros


Detecting C [-std=c99] compiler features compiled with the following output:
Change Dir: /home/yury/Документы/from_github/stlink/build/Release/CMakeFiles/CMakeTmp

Run Build Command:"/usr/bin/make" "cmTC_13190/fast"
make[1]: вход в каталог «/home/yury/Документы/from_github/stlink/build/Release/CMakeFiles/CMakeTmp»
/usr/bin/make -f CMakeFiles/cmTC_13190.dir/build.make CMakeFiles/cmTC_13190.dir/build
make[2]: вход в каталог «/home/yury/Документы/from_github/stlink/build/Release/CMakeFiles/CMakeTmp»
Building C object CMakeFiles/cmTC_13190.dir/feature_tests.c.o
/usr/bin/cc   -std=c99 -o CMakeFiles/cmTC_13190.dir/feature_tests.c.o   -c /home/yury/Документы/from_github/stlink/build/Release/CMakeFiles/feature_tests.c
Linking C executable cmTC_13190
/usr/bin/cmake -E cmake_link_script CMakeFiles/cmTC_13190.dir/link.txt --verbose=1
/usr/bin/cc      -rdynamic CMakeFiles/cmTC_13190.dir/feature_tests.c.o  -o cmTC_13190 
make[2]: выход из каталога «/home/yury/Документы/from_github/stlink/build/Release/CMakeFiles/CMakeTmp»
make[1]: выход из каталога «/home/yury/Документы/from_github/stlink/build/Release/CMakeFiles/CMakeTmp»


    Feature record: C_FEATURE:1c_function_prototypes
    Feature record: C_FEATURE:1c_restrict
    Feature record: C_FEATURE:0c_static_assert
    Feature record: C_FEATURE:1c_variadic_macros


Detecting C [-std=c90] compiler features compiled with the following output:
Change Dir: /home/yury/Документы/from_github/stlink/build/Release/CMakeFiles/CMakeTmp

Run Build Command:"/usr/bin/make" "cmTC_53d32/fast"
make[1]: вход в каталог «/home/yury/Документы/from_github/stlink/build/Release/CMakeFiles/CMakeTmp»
/usr/bin/make -f CMakeFiles/cmTC_53d32.dir/build.make CMakeFiles/cmTC_53d32.dir/build
make[2]: вход в каталог «/home/yury/Документы/from_github/stlink/build/Release/CMakeFiles/CMakeTmp»
Building C object CMakeFiles/cmTC_53d32.dir/feature_tests.c.o
/usr/bin/cc   -std=c90 -o CMakeFiles/cmTC_53d32.dir/feature_tests.c.o   -c /home/yury/Документы/from_github/stlink/build/Release/CMakeFiles/feature_tests.c
Linking C executable cmTC_53d32
/usr/bin/cmake -E cmake_link_script CMakeFiles/cmTC_53d32.dir/link.txt --verbose=1
/usr/bin/cc      -rdynamic CMakeFiles/cmTC_53d32.dir/feature_tests.c.o  -o cmTC_53d32 
make[2]: выход из каталога «/home/yury/Документы/from_github/stlink/build/Release/CMakeFiles/CMakeTmp»
make[1]: выход из каталога «/home/yury/Документы/from_github/stlink/build/Release/CMakeFiles/CMakeTmp»


    Feature record: C_FEATURE:1c_function_prototypes
    Feature record: C_FEATURE:0c_restrict
    Feature record: C_FEATURE:0c_static_assert
    Feature record: C_FEATURE:0c_variadic_macros
Performing C SOURCE FILE Test C_SUPPORTS_STD_GNU99 succeeded with the following output:
Change Dir: /home/yury/Документы/from_github/stlink/build/Release/CMakeFiles/CMakeTmp

Run Build Command:"/usr/bin/make" "cmTC_917a5/fast"
make[1]: Entering directory '/home/yury/Документы/from_github/stlink/build/Release/CMakeFiles/CMakeTmp'
/usr/bin/make -f CMakeFiles/cmTC_917a5.dir/build.make CMakeFiles/cmTC_917a5.dir/build
make[2]: Entering directory '/home/yury/Документы/from_github/stlink/build/Release/CMakeFiles/CMakeTmp'
Building C object CMakeFiles/cmTC_917a5.dir/src.c.o
/usr/bin/cc   -DC_SUPPORTS_STD_GNU99   -std=gnu99 -o CMakeFiles/cmTC_917a5.dir/src.c.o   -c /home/yury/Документы/from_github/stlink/build/Release/CMakeFiles/CMakeTmp/src.c
Linking C executable cmTC_917a5
/usr/bin/cmake -E cmake_link_script CMakeFiles/cmTC_917a5.dir/link.txt --verbose=1
/usr/bin/cc  -DC_SUPPORTS_STD_GNU99    -rdynamic CMakeFiles/cmTC_917a5.dir/src.c.o  -o cmTC_917a5 
make[2]: Leaving directory '/home/yury/Документы/from_github/stlink/build/Release/CMakeFiles/CMakeTmp'
make[1]: Leaving directory '/home/yury/Документы/from_github/stlink/build/Release/CMakeFiles/CMakeTmp'

Source file was:
int main(void) { return 0; }
Performing C SOURCE FILE Test C_SUPPORTS_WALL succeeded with the following output:
Change Dir: /home/yury/Документы/from_github/stlink/build/Release/CMakeFiles/CMakeTmp

Run Build Command:"/usr/bin/make" "cmTC_f3440/fast"
make[1]: Entering directory '/home/yury/Документы/from_github/stlink/build/Release/CMakeFiles/CMakeTmp'
/usr/bin/make -f CMakeFiles/cmTC_f3440.dir/build.make CMakeFiles/cmTC_f3440.dir/build
make[2]: Entering directory '/home/yury/Документы/from_github/stlink/build/Release/CMakeFiles/CMakeTmp'
Building C object CMakeFiles/cmTC_f3440.dir/src.c.o
/usr/bin/cc   -std=gnu99 -DC_SUPPORTS_WALL   -Wall -o CMakeFiles/cmTC_f3440.dir/src.c.o   -c /home/yury/Документы/from_github/stlink/build/Release/CMakeFiles/CMakeTmp/src.c
Linking C executable cmTC_f3440
/usr/bin/cmake -E cmake_link_script CMakeFiles/cmTC_f3440.dir/link.txt --verbose=1
/usr/bin/cc  -std=gnu99 -DC_SUPPORTS_WALL    -rdynamic CMakeFiles/cmTC_f3440.dir/src.c.o  -o cmTC_f3440 
make[2]: Leaving directory '/home/yury/Документы/from_github/stlink/build/Release/CMakeFiles/CMakeTmp'
make[1]: Leaving directory '/home/yury/Документы/from_github/stlink/build/Release/CMakeFiles/CMakeTmp'

Source file was:
int main(void) { return 0; }
Performing C SOURCE FILE Test C_SUPPORTS_WEXTRA succeeded with the following output:
Change Dir: /home/yury/Документы/from_github/stlink/build/Release/CMakeFiles/CMakeTmp

Run Build Command:"/usr/bin/make" "cmTC_2eb5a/fast"
make[1]: Entering directory '/home/yury/Документы/from_github/stlink/build/Release/CMakeFiles/CMakeTmp'
/usr/bin/make -f CMakeFiles/cmTC_2eb5a.dir/build.make CMakeFiles/cmTC_2eb5a.dir/build
make[2]: Entering directory '/home/yury/Документы/from_github/stlink/build/Release/CMakeFiles/CMakeTmp'
Building C object CMakeFiles/cmTC_2eb5a.dir/src.c.o
/usr/bin/cc   -std=gnu99 -Wall -DC_SUPPORTS_WEXTRA   -Wextra -o CMakeFiles/cmTC_2eb5a.dir/src.c.o   -c /home/yury/Документы/from_github/stlink/build/Release/CMakeFiles/CMakeTmp/src.c
Linking C executable cmTC_2eb5a
/usr/bin/cmake -E cmake_link_script CMakeFiles/cmTC_2eb5a.dir/link.txt --verbose=1
/usr/bin/cc  -std=gnu99 -Wall -DC_SUPPORTS_WEXTRA    -rdynamic CMakeFiles/cmTC_2eb5a.dir/src.c.o  -o cmTC_2eb5a 
make[2]: Leaving directory '/home/yury/Документы/from_github/stlink/build/Release/CMakeFiles/CMakeTmp'
make[1]: Leaving directory '/home/yury/Документы/from_github/stlink/build/Release/CMakeFiles/CMakeTmp'

Source file was:
int main(void) { return 0; }
Performing C SOURCE FILE Test C_SUPPORTS_WSHADOW succeeded with the following output:
Change Dir: /home/yury/Документы/from_github/stlink/build/Release/CMakeFiles/CMakeTmp

Run Build Command:"/usr/bin/make" "cmTC_c0306/fast"
make[1]: Entering directory '/home/yury/Документы/from_github/stlink/build/Release/CMakeFiles/CMakeTmp'
/usr/bin/make -f CMakeFiles/cmTC_c0306.dir/build.make CMakeFiles/cmTC_c0306.dir/build
make[2]: Entering directory '/home/yury/Документы/from_github/stlink/build/Release/CMakeFiles/CMakeTmp'
Building C object CMakeFiles/cmTC_c0306.dir/src.c.o
/usr/bin/cc   -std=gnu99 -Wall -Wextra -DC_SUPPORTS_WSHADOW   -Wshadow -o CMakeFiles/cmTC_c0306.dir/src.c.o   -c /home/yury/Документы/from_github/stlink/build/Release/CMakeFiles/CMakeTmp/src.c
Linking C executable cmTC_c0306
/usr/bin/cmake -E cmake_link_script CMakeFiles/cmTC_c0306.dir/link.txt --verbose=1
/usr/bin/cc  -std=gnu99 -Wall -Wextra -DC_SUPPORTS_WSHADOW    -rdynamic CMakeFiles/cmTC_c0306.dir/src.c.o  -o cmTC_c0306 
make[2]: Leaving directory '/home/yury/Документы/from_github/stlink/build/Release/CMakeFiles/CMakeTmp'
make[1]: Leaving directory '/home/yury/Документы/from_github/stlink/build/Release/CMakeFiles/CMakeTmp'

Source file was:
int main(void) { return 0; }
Performing C SOURCE FILE Test C_SUPPORTS_D_FORTIFY_SOURCE_2 succeeded with the following output:
Change Dir: /home/yury/Документы/from_github/stlink/build/Release/CMakeFiles/CMakeTmp

Run Build Command:"/usr/bin/make" "cmTC_4b4f7/fast"
make[1]: Entering directory '/home/yury/Документы/from_github/stlink/build/Release/CMakeFiles/CMakeTmp'
/usr/bin/make -f CMakeFiles/cmTC_4b4f7.dir/build.make CMakeFiles/cmTC_4b4f7.dir/build
make[2]: Entering directory '/home/yury/Документы/from_github/stlink/build/Release/CMakeFiles/CMakeTmp'
Building C object CMakeFiles/cmTC_4b4f7.dir/src.c.o
/usr/bin/cc -D_FORTIFY_SOURCE=2  -std=gnu99 -Wall -Wextra -Wshadow -DC_SUPPORTS_D_FORTIFY_SOURCE_2   -o CMakeFiles/cmTC_4b4f7.dir/src.c.o   -c /home/yury/Документы/from_github/stlink/build/Release/CMakeFiles/CMakeTmp/src.c
Linking C executable cmTC_4b4f7
/usr/bin/cmake -E cmake_link_script CMakeFiles/cmTC_4b4f7.dir/link.txt --verbose=1
/usr/bin/cc  -std=gnu99 -Wall -Wextra -Wshadow -DC_SUPPORTS_D_FORTIFY_SOURCE_2    -rdynamic CMakeFiles/cmTC_4b4f7.dir/src.c.o  -o cmTC_4b4f7 
make[2]: Leaving directory '/home/yury/Документы/from_github/stlink/build/Release/CMakeFiles/CMakeTmp'
make[1]: Leaving directory '/home/yury/Документы/from_github/stlink/build/Release/CMakeFiles/CMakeTmp'

Source file was:
int main(void) { return 0; }
Performing C SOURCE FILE Test C_SUPPORTS_FSTRICT_ALIASING succeeded with the following output:
Change Dir: /home/yury/Документы/from_github/stlink/build/Release/CMakeFiles/CMakeTmp

Run Build Command:"/usr/bin/make" "cmTC_2f6ef/fast"
make[1]: Entering directory '/home/yury/Документы/from_github/stlink/build/Release/CMakeFiles/CMakeTmp'
/usr/bin/make -f CMakeFiles/cmTC_2f6ef.dir/build.make CMakeFiles/cmTC_2f6ef.dir/build
make[2]: Entering directory '/home/yury/Документы/from_github/stlink/build/Release/CMakeFiles/CMakeTmp'
Building C object CMakeFiles/cmTC_2f6ef.dir/src.c.o
/usr/bin/cc   -std=gnu99 -Wall -Wextra -Wshadow -D_FORTIFY_SOURCE=2 -DC_SUPPORTS_FSTRICT_ALIASING   -fstrict-aliasing -o CMakeFiles/cmTC_2f6ef.dir/src.c.o   -c /home/yury/Документы/from_github/stlink/build/Release/CMakeFiles/CMakeTmp/src.c
Linking C executable cmTC_2f6ef
/usr/bin/cmake -E cmake_link_script CMakeFiles/cmTC_2f6ef.dir/link.txt --verbose=1
/usr/bin/cc  -std=gnu99 -Wall -Wextra -Wshadow -D_FORTIFY_SOURCE=2 -DC_SUPPORTS_FSTRICT_ALIASING    -rdynamic CMakeFiles/cmTC_2f6ef.dir/src.c.o  -o cmTC_2f6ef 
make[2]: Leaving directory '/home/yury/Документы/from_github/stlink/build/Release/CMakeFiles/CMakeTmp'
make[1]: Leaving directory '/home/yury/Документы/from_github/stlink/build/Release/CMakeFiles/CMakeTmp'

Source file was:
int main(void) { return 0; }
Performing C SOURCE FILE Test C_SUPPORTS_WUNDEF succeeded with the following output:
Change Dir: /home/yury/Документы/from_github/stlink/build/Release/CMakeFiles/CMakeTmp

Run Build Command:"/usr/bin/make" "cmTC_f7101/fast"
make[1]: Entering directory '/home/yury/Документы/from_github/stlink/build/Release/CMakeFiles/CMakeTmp'
/usr/bin/make -f CMakeFiles/cmTC_f7101.dir/build.make CMakeFiles/cmTC_f7101.dir/build
make[2]: Entering directory '/home/yury/Документы/from_github/stlink/build/Release/CMakeFiles/CMakeTmp'
Building C object CMakeFiles/cmTC_f7101.dir/src.c.o
/usr/bin/cc   -std=gnu99 -Wall -Wextra -Wshadow -D_FORTIFY_SOURCE=2 -fstrict-aliasing -DC_SUPPORTS_WUNDEF   -Wundef -o CMakeFiles/cmTC_f7101.dir/src.c.o   -c /home/yury/Документы/from_github/stlink/build/Release/CMakeFiles/CMakeTmp/src.c
Linking C executable cmTC_f7101
/usr/bin/cmake -E cmake_link_script CMakeFiles/cmTC_f7101.dir/link.txt --verbose=1
/usr/bin/cc  -std=gnu99 -Wall -Wextra -Wshadow -D_FORTIFY_SOURCE=2 -fstrict-aliasing -DC_SUPPORTS_WUNDEF    -rdynamic CMakeFiles/cmTC_f7101.dir/src.c.o  -o cmTC_f7101 
make[2]: Leaving directory '/home/yury/Документы/from_github/stlink/build/Release/CMakeFiles/CMakeTmp'
make[1]: Leaving directory '/home/yury/Документы/from_github/stlink/build/Release/CMakeFiles/CMakeTmp'

Source file was:
int main(void) { return 0; }
Performing C SOURCE FILE Test C_SUPPORTS_WFORMAT succeeded with the following output:
Change Dir: /home/yury/Документы/from_github/stlink/build/Release/CMakeFiles/CMakeTmp

Run Build Command:"/usr/bin/make" "cmTC_212ef/fast"
make[1]: Entering directory '/home/yury/Документы/from_github/stlink/build/Release/CMakeFiles/CMakeTmp'
/usr/bin/make -f CMakeFiles/cmTC_212ef.dir/build.make CMakeFiles/cmTC_212ef.dir/build
make[2]: Entering directory '/home/yury/Документы/from_github/stlink/build/Release/CMakeFiles/CMakeTmp'
Building C object CMakeFiles/cmTC_212ef.dir/src.c.o
/usr/bin/cc   -std=gnu99 -Wall -Wextra -Wshadow -D_FORTIFY_SOURCE=2 -fstrict-aliasing -Wundef -DC_SUPPORTS_WFORMAT   -Wformat -o CMakeFiles/cmTC_212ef.dir/src.c.o   -c /home/yury/Документы/from_github/stlink/build/Release/CMakeFiles/CMakeTmp/src.c
Linking C executable cmTC_212ef
/usr/bin/cmake -E cmake_link_script CMakeFiles/cmTC_212ef.dir/link.txt --verbose=1
/usr/bin/cc  -std=gnu99 -Wall -Wextra -Wshadow -D_FORTIFY_SOURCE=2 -fstrict-aliasing -Wundef -DC_SUPPORTS_WFORMAT    -rdynamic CMakeFiles/cmTC_212ef.dir/src.c.o  -o cmTC_212ef 
make[2]: Leaving directory '/home/yury/Документы/from_github/stlink/build/Release/CMakeFiles/CMakeTmp'
make[1]: Leaving directory '/home/yury/Документы/from_github/stlink/build/Release/CMakeFiles/CMakeTmp'

Source file was:
int main(void) { return 0; }
Performing C SOURCE FILE Test C_SUPPORTS_WFORMAT_SECURITY succeeded with the following output:
Change Dir: /home/yury/Документы/from_github/stlink/build/Release/CMakeFiles/CMakeTmp

Run Build Command:"/usr/bin/make" "cmTC_c9ee6/fast"
make[1]: Entering directory '/home/yury/Документы/from_github/stlink/build/Release/CMakeFiles/CMakeTmp'
/usr/bin/make -f CMakeFiles/cmTC_c9ee6.dir/build.make CMakeFiles/cmTC_c9ee6.dir/build
make[2]: Entering directory '/home/yury/Документы/from_github/stlink/build/Release/CMakeFiles/CMakeTmp'
Building C object CMakeFiles/cmTC_c9ee6.dir/src.c.o
/usr/bin/cc   -std=gnu99 -Wall -Wextra -Wshadow -D_FORTIFY_SOURCE=2 -fstrict-aliasing -Wundef -Wformat -DC_SUPPORTS_WFORMAT_SECURITY   -Wformat-security -o CMakeFiles/cmTC_c9ee6.dir/src.c.o   -c /home/yury/Документы/from_github/stlink/build/Release/CMakeFiles/CMakeTmp/src.c
Linking C executable cmTC_c9ee6
/usr/bin/cmake -E cmake_link_script CMakeFiles/cmTC_c9ee6.dir/link.txt --verbose=1
/usr/bin/cc  -std=gnu99 -Wall -Wextra -Wshadow -D_FORTIFY_SOURCE=2 -fstrict-aliasing -Wundef -Wformat -DC_SUPPORTS_WFORMAT_SECURITY    -rdynamic CMakeFiles/cmTC_c9ee6.dir/src.c.o  -o cmTC_c9ee6 
make[2]: Leaving directory '/home/yury/Документы/from_github/stlink/build/Release/CMakeFiles/CMakeTmp'
make[1]: Leaving directory '/home/yury/Документы/from_github/stlink/build/Release/CMakeFiles/CMakeTmp'

Source file was:
int main(void) { return 0; }
Performing C SOURCE FILE Test C_SUPPORTS_WMAYBE_UNINITIALIZED succeeded with the following output:
Change Dir: /home/yury/Документы/from_github/stlink/build/Release/CMakeFiles/CMakeTmp

Run Build Command:"/usr/bin/make" "cmTC_0d193/fast"
make[1]: Entering directory '/home/yury/Документы/from_github/stlink/build/Release/CMakeFiles/CMakeTmp'
/usr/bin/make -f CMakeFiles/cmTC_0d193.dir/build.make CMakeFiles/cmTC_0d193.dir/build
make[2]: Entering directory '/home/yury/Документы/from_github/stlink/build/Release/CMakeFiles/CMakeTmp'
Building C object CMakeFiles/cmTC_0d193.dir/src.c.o
/usr/bin/cc   -std=gnu99 -Wall -Wextra -Wshadow -D_FORTIFY_SOURCE=2 -fstrict-aliasing -Wundef -Wformat -Wformat-security -DC_SUPPORTS_WMAYBE_UNINITIALIZED   -Wmaybe-uninitialized -o CMakeFiles/cmTC_0d193.dir/src.c.o   -c /home/yury/Документы/from_github/stlink/build/Release/CMakeFiles/CMakeTmp/src.c
Linking C executable cmTC_0d193
/usr/bin/cmake -E cmake_link_script CMakeFiles/cmTC_0d193.dir/link.txt --verbose=1
/usr/bin/cc  -std=gnu99 -Wall -Wextra -Wshadow -D_FORTIFY_SOURCE=2 -fstrict-aliasing -Wundef -Wformat -Wformat-security -DC_SUPPORTS_WMAYBE_UNINITIALIZED    -rdynamic CMakeFiles/cmTC_0d193.dir/src.c.o  -o cmTC_0d193 
make[2]: Leaving directory '/home/yury/Документы/from_github/stlink/build/Release/CMakeFiles/CMakeTmp'
make[1]: Leaving directory '/home/yury/Документы/from_github/stlink/build/Release/CMakeFiles/CMakeTmp'

Source file was:
int main(void) { return 0; }
Performing C SOURCE FILE Test C_SUPPORTS_WIMPLICIT_FUNCTION_DECLARATION succeeded with the following output:
Change Dir: /home/yury/Документы/from_github/stlink/build/Release/CMakeFiles/CMakeTmp

Run Build Command:"/usr/bin/make" "cmTC_c8be7/fast"
make[1]: Entering directory '/home/yury/Документы/from_github/stlink/build/Release/CMakeFiles/CMakeTmp'
/usr/bin/make -f CMakeFiles/cmTC_c8be7.dir/build.make CMakeFiles/cmTC_c8be7.dir/build
make[2]: Entering directory '/home/yury/Документы/from_github/stlink/build/Release/CMakeFiles/CMakeTmp'
Building C object CMakeFiles/cmTC_c8be7.dir/src.c.o
/usr/bin/cc   -std=gnu99 -Wall -Wextra -Wshadow -D_FORTIFY_SOURCE=2 -fstrict-aliasing -Wundef -Wformat -Wformat-security -Wmaybe-uninitialized -DC_SUPPORTS_WIMPLICIT_FUNCTION_DECLARATION   -Wimplicit-function-declaration -o CMakeFiles/cmTC_c8be7.dir/src.c.o   -c /home/yury/Документы/from_github/stlink/build/Release/CMakeFiles/CMakeTmp/src.c
Linking C executable cmTC_c8be7
/usr/bin/cmake -E cmake_link_script CMakeFiles/cmTC_c8be7.dir/link.txt --verbose=1
/usr/bin/cc  -std=gnu99 -Wall -Wextra -Wshadow -D_FORTIFY_SOURCE=2 -fstrict-aliasing -Wundef -Wformat -Wformat-security -Wmaybe-uninitialized -DC_SUPPORTS_WIMPLICIT_FUNCTION_DECLARATION    -rdynamic CMakeFiles/cmTC_c8be7.dir/src.c.o  -o cmTC_c8be7 
make[2]: Leaving directory '/home/yury/Документы/from_github/stlink/build/Release/CMakeFiles/CMakeTmp'
make[1]: Leaving directory '/home/yury/Документы/from_github/stlink/build/Release/CMakeFiles/CMakeTmp'

Source file was:
int main(void) { return 0; }
Performing C SOURCE FILE Test C_SUPPORTS_WREDUNDANT_DECLS succeeded with the following output:
Change Dir: /home/yury/Документы/from_github/stlink/build/Release/CMakeFiles/CMakeTmp

Run Build Command:"/usr/bin/make" "cmTC_79f42/fast"
make[1]: Entering directory '/home/yury/Документы/from_github/stlink/build/Release/CMakeFiles/CMakeTmp'
/usr/bin/make -f CMakeFiles/cmTC_79f42.dir/build.make CMakeFiles/cmTC_79f42.dir/build
make[2]: Entering directory '/home/yury/Документы/from_github/stlink/build/Release/CMakeFiles/CMakeTmp'
Building C object CMakeFiles/cmTC_79f42.dir/src.c.o
/usr/bin/cc   -std=gnu99 -Wall -Wextra -Wshadow -D_FORTIFY_SOURCE=2 -fstrict-aliasing -Wundef -Wformat -Wformat-security -Wmaybe-uninitialized -Wimplicit-function-declaration -DC_SUPPORTS_WREDUNDANT_DECLS   -Wredundant-decls -o CMakeFiles/cmTC_79f42.dir/src.c.o   -c /home/yury/Документы/from_github/stlink/build/Release/CMakeFiles/CMakeTmp/src.c
Linking C executable cmTC_79f42
/usr/bin/cmake -E cmake_link_script CMakeFiles/cmTC_79f42.dir/link.txt --verbose=1
/usr/bin/cc  -std=gnu99 -Wall -Wextra -Wshadow -D_FORTIFY_SOURCE=2 -fstrict-aliasing -Wundef -Wformat -Wformat-security -Wmaybe-uninitialized -Wimplicit-function-declaration -DC_SUPPORTS_WREDUNDANT_DECLS    -rdynamic CMakeFiles/cmTC_79f42.dir/src.c.o  -o cmTC_79f42 
make[2]: Leaving directory '/home/yury/Документы/from_github/stlink/build/Release/CMakeFiles/CMakeTmp'
make[1]: Leaving directory '/home/yury/Документы/from_github/stlink/build/Release/CMakeFiles/CMakeTmp'

Source file was:
int main(void) { return 0; }
Performing C SOURCE FILE Test C_SUPPORTS_FPIC succeeded with the following output:
Change Dir: /home/yury/Документы/from_github/stlink/build/Release/CMakeFiles/CMakeTmp

Run Build Command:"/usr/bin/make" "cmTC_756fd/fast"
make[1]: Entering directory '/home/yury/Документы/from_github/stlink/build/Release/CMakeFiles/CMakeTmp'
/usr/bin/make -f CMakeFiles/cmTC_756fd.dir/build.make CMakeFiles/cmTC_756fd.dir/build
make[2]: Entering directory '/home/yury/Документы/from_github/stlink/build/Release/CMakeFiles/CMakeTmp'
Building C object CMakeFiles/cmTC_756fd.dir/src.c.o
/usr/bin/cc   -std=gnu99 -Wall -Wextra -Wshadow -D_FORTIFY_SOURCE=2 -fstrict-aliasing -Wundef -Wformat -Wformat-security -Wmaybe-uninitialized -Wimplicit-function-declaration -Wredundant-decls -DC_SUPPORTS_FPIC   -fPIC -o CMakeFiles/cmTC_756fd.dir/src.c.o   -c /home/yury/Документы/from_github/stlink/build/Release/CMakeFiles/CMakeTmp/src.c
Linking C executable cmTC_756fd
/usr/bin/cmake -E cmake_link_script CMakeFiles/cmTC_756fd.dir/link.txt --verbose=1
/usr/bin/cc  -std=gnu99 -Wall -Wextra -Wshadow -D_FORTIFY_SOURCE=2 -fstrict-aliasing -Wundef -Wformat -Wformat-security -Wmaybe-uninitialized -Wimplicit-function-declaration -Wredundant-decls -DC_SUPPORTS_FPIC    -rdynamic CMakeFiles/cmTC_756fd.dir/src.c.o  -o cmTC_756fd 
make[2]: Leaving directory '/home/yury/Документы/from_github/stlink/build/Release/CMakeFiles/CMakeTmp'
make[1]: Leaving directory '/home/yury/Документы/from_github/stlink/build/Release/CMakeFiles/CMakeTmp'

Source file was:
int main(void) { return 0; }
Performing C SOURCE FILE Test C_SUPPORTS_O2 succeeded with the following output:
Change Dir: /home/yury/Документы/from_github/stlink/build/Release/CMakeFiles/CMakeTmp

Run Build Command:"/usr/bin/make" "cmTC_405c7/fast"
make[1]: Entering directory '/home/yury/Документы/from_github/stlink/build/Release/CMakeFiles/CMakeTmp'
/usr/bin/make -f CMakeFiles/cmTC_405c7.dir/build.make CMakeFiles/cmTC_405c7.dir/build
make[2]: Entering directory '/home/yury/Документы/from_github/stlink/build/Release/CMakeFiles/CMakeTmp'
Building C object CMakeFiles/cmTC_405c7.dir/src.c.o
/usr/bin/cc   -std=gnu99 -Wall -Wextra -Wshadow -D_FORTIFY_SOURCE=2 -fstrict-aliasing -Wundef -Wformat -Wformat-security -Wmaybe-uninitialized -Wimplicit-function-declaration -Wredundant-decls -fPIC -DC_SUPPORTS_O2   -O2 -o CMakeFiles/cmTC_405c7.dir/src.c.o   -c /home/yury/Документы/from_github/stlink/build/Release/CMakeFiles/CMakeTmp/src.c
Linking C executable cmTC_405c7
/usr/bin/cmake -E cmake_link_script CMakeFiles/cmTC_405c7.dir/link.txt --verbose=1
/usr/bin/cc  -std=gnu99 -Wall -Wextra -Wshadow -D_FORTIFY_SOURCE=2 -fstrict-aliasing -Wundef -Wformat -Wformat-security -Wmaybe-uninitialized -Wimplicit-function-declaration -Wredundant-decls -fPIC -DC_SUPPORTS_O2    -rdynamic CMakeFiles/cmTC_405c7.dir/src.c.o  -o cmTC_405c7 
make[2]: Leaving directory '/home/yury/Документы/from_github/stlink/build/Release/CMakeFiles/CMakeTmp'
make[1]: Leaving directory '/home/yury/Документы/from_github/stlink/build/Release/CMakeFiles/CMakeTmp'

Source file was:
int main(void) { return 0; }
Performing C SOURCE FILE Test C_SUPPORTS_WERROR succeeded with the following output:
Change Dir: /home/yury/Документы/from_github/stlink/build/Release/CMakeFiles/CMakeTmp

Run Build Command:"/usr/bin/make" "cmTC_73437/fast"
make[1]: Entering directory '/home/yury/Документы/from_github/stlink/build/Release/CMakeFiles/CMakeTmp'
/usr/bin/make -f CMakeFiles/cmTC_73437.dir/build.make CMakeFiles/cmTC_73437.dir/build
make[2]: Entering directory '/home/yury/Документы/from_github/stlink/build/Release/CMakeFiles/CMakeTmp'
Building C object CMakeFiles/cmTC_73437.dir/src.c.o
/usr/bin/cc   -std=gnu99 -Wall -Wextra -Wshadow -D_FORTIFY_SOURCE=2 -fstrict-aliasing -Wundef -Wformat -Wformat-security -Wmaybe-uninitialized -Wimplicit-function-declaration -Wredundant-decls -fPIC -O2 -DC_SUPPORTS_WERROR   -Werror -o CMakeFiles/cmTC_73437.dir/src.c.o   -c /home/yury/Документы/from_github/stlink/build/Release/CMakeFiles/CMakeTmp/src.c
Linking C executable cmTC_73437
/usr/bin/cmake -E cmake_link_script CMakeFiles/cmTC_73437.dir/link.txt --verbose=1
/usr/bin/cc  -std=gnu99 -Wall -Wextra -Wshadow -D_FORTIFY_SOURCE=2 -fstrict-aliasing -Wundef -Wformat -Wformat-security -Wmaybe-uninitialized -Wimplicit-function-declaration -Wredundant-decls -fPIC -O2 -DC_SUPPORTS_WERROR    -rdynamic CMakeFiles/cmTC_73437.dir/src.c.o  -o cmTC_73437 
make[2]: Leaving directory '/home/yury/Документы/from_github/stlink/build/Release/CMakeFiles/CMakeTmp'
make[1]: Leaving directory '/home/yury/Документы/from_github/stlink/build/Release/CMakeFiles/CMakeTmp'

Source file was:
int main(void) { return 0; }
Determining if the include file sys/mman.h exists passed with the following output:
Change Dir: /home/yury/Документы/from_github/stlink/build/Release/CMakeFiles/CMakeTmp

Run Build Command:"/usr/bin/make" "cmTC_f9bdc/fast"
make[1]: вход в каталог «/home/yury/Документы/from_github/stlink/build/Release/CMakeFiles/CMakeTmp»
/usr/bin/make -f CMakeFiles/cmTC_f9bdc.dir/build.make CMakeFiles/cmTC_f9bdc.dir/build
make[2]: вход в каталог «/home/yury/Документы/from_github/stlink/build/Release/CMakeFiles/CMakeTmp»
Building C object CMakeFiles/cmTC_f9bdc.dir/CheckIncludeFile.c.o
/usr/bin/cc   -std=gnu99 -Wall -Wextra -Wshadow -D_FORTIFY_SOURCE=2 -fstrict-aliasing -Wundef -Wformat -Wformat-security -Wmaybe-uninitialized -Wimplicit-function-declaration -Wredundant-decls -fPIC -O2 -Werror    -o CMakeFiles/cmTC_f9bdc.dir/CheckIncludeFile.c.o   -c /home/yury/Документы/from_github/stlink/build/Release/CMakeFiles/CMakeTmp/CheckIncludeFile.c
Linking C executable cmTC_f9bdc
/usr/bin/cmake -E cmake_link_script CMakeFiles/cmTC_f9bdc.dir/link.txt --verbose=1
/usr/bin/cc  -std=gnu99 -Wall -Wextra -Wshadow -D_FORTIFY_SOURCE=2 -fstrict-aliasing -Wundef -Wformat -Wformat-security -Wmaybe-uninitialized -Wimplicit-function-declaration -Wredundant-decls -fPIC -O2 -Werror     -rdynamic CMakeFiles/cmTC_f9bdc.dir/CheckIncludeFile.c.o  -o cmTC_f9bdc 
make[2]: выход из каталога «/home/yury/Документы/from_github/stlink/build/Release/CMakeFiles/CMakeTmp»
make[1]: выход из каталога «/home/yury/Документы/from_github/stlink/build/Release/CMakeFiles/CMakeTmp»


Determining if the include file unistd.h exists passed with the following output:
Change Dir: /home/yury/Документы/from_github/stlink/build/Release/CMakeFiles/CMakeTmp

Run Build Command:"/usr/bin/make" "cmTC_d96b1/fast"
make[1]: вход в каталог «/home/yury/Документы/from_github/stlink/build/Release/CMakeFiles/CMakeTmp»
/usr/bin/make -f CMakeFiles/cmTC_d96b1.dir/build.make CMakeFiles/cmTC_d96b1.dir/build
make[2]: вход в каталог «/home/yury/Документы/from_github/stlink/build/Release/CMakeFiles/CMakeTmp»
Building C object CMakeFiles/cmTC_d96b1.dir/CheckIncludeFile.c.o
/usr/bin/cc   -std=gnu99 -Wall -Wextra -Wshadow -D_FORTIFY_SOURCE=2 -fstrict-aliasing -Wundef -Wformat -Wformat-security -Wmaybe-uninitialized -Wimplicit-function-declaration -Wredundant-decls -fPIC -O2 -Werror    -o CMakeFiles/cmTC_d96b1.dir/CheckIncludeFile.c.o   -c /home/yury/Документы/from_github/stlink/build/Release/CMakeFiles/CMakeTmp/CheckIncludeFile.c
Linking C executable cmTC_d96b1
/usr/bin/cmake -E cmake_link_script CMakeFiles/cmTC_d96b1.dir/link.txt --verbose=1
/usr/bin/cc  -std=gnu99 -Wall -Wextra -Wshadow -D_FORTIFY_SOURCE=2 -fstrict-aliasing -Wundef -Wformat -Wformat-security -Wmaybe-uninitialized -Wimplicit-function-declaration -Wredundant-decls -fPIC -O2 -Werror     -rdynamic CMakeFiles/cmTC_d96b1.dir/CheckIncludeFile.c.o  -o cmTC_d96b1 
make[2]: выход из каталога «/home/yury/Документы/from_github/stlink/build/Release/CMakeFiles/CMakeTmp»
make[1]: выход из каталога «/home/yury/Документы/from_github/stlink/build/Release/CMakeFiles/CMakeTmp»


