This file contains any messages produced by compilers while
running configure, to aid debugging if configure makes a mistake.

It was created by dfu-util configure 0.9, which was
generated by GNU Autoconf 2.69.  Invocation command line was

  $ ./configure --no-create --no-recursion

## --------- ##
## Platform. ##
## --------- ##

hostname = dev
uname -m = x86_64
uname -r = 4.15.0-58-generic
uname -s = Linux
uname -v = #64-Ubuntu SMP Tue Aug 6 11:12:41 UTC 2019

/usr/bin/uname -p = unknown
/bin/uname -X     = unknown

/bin/arch              = unknown
/usr/bin/arch -k       = unknown
/usr/convex/getsysinfo = unknown
/usr/bin/hostinfo      = unknown
/bin/machine           = unknown
/usr/bin/oslevel       = unknown
/bin/universe          = unknown

PATH: /opt/GitHub Desktop
PATH: /usr/local/sbin
PATH: /usr/local/bin
PATH: /usr/sbin
PATH: /usr/bin
PATH: /sbin
PATH: /bin
PATH: /usr/games
PATH: /usr/local/games
PATH: /home/yury/go/bin


## ----------- ##
## Core tests. ##
## ----------- ##

configure:2271: checking for a BSD-compatible install
configure:2339: result: /usr/bin/install -c
configure:2350: checking whether build environment is sane
configure:2405: result: yes
configure:2443: WARNING: 'missing' script is too old or missing
configure:2556: checking for a thread-safe mkdir -p
configure:2595: result: /bin/mkdir -p
configure:2602: checking for gawk
configure:2618: found /usr/bin/gawk
configure:2629: result: gawk
configure:2640: checking whether make sets $(MAKE)
configure:2662: result: yes
configure:2691: checking whether make supports nested variables
configure:2708: result: yes
configure:2849: checking whether make supports nested variables
configure:2866: result: yes
configure:2927: checking for gcc
configure:2943: found /usr/bin/gcc
configure:2954: result: gcc
configure:3183: checking for C compiler version
configure:3192: gcc --version >&5
gcc (Ubuntu 7.4.0-1ubuntu1~18.04.1) 7.4.0
Copyright (C) 2017 Free Software Foundation, Inc.
This is free software; see the source for copying conditions.  There is NO
warranty; not even for MERCHANTABILITY or FITNESS FOR A PARTICULAR PURPOSE.

configure:3203: $? = 0
configure:3192: gcc -v >&5
Using built-in specs.
COLLECT_GCC=gcc
COLLECT_LTO_WRAPPER=/usr/lib/gcc/x86_64-linux-gnu/7/lto-wrapper
OFFLOAD_TARGET_NAMES=nvptx-none
OFFLOAD_TARGET_DEFAULT=1
Target: x86_64-linux-gnu
Configured with: ../src/configure -v --with-pkgversion='Ubuntu 7.4.0-1ubuntu1~18.04.1' --with-bugurl=file:///usr/share/doc/gcc-7/README.Bugs --enable-languages=c,ada,c++,go,brig,d,fortran,objc,obj-c++ --prefix=/usr --with-gcc-major-version-only --program-suffix=-7 --program-prefix=x86_64-linux-gnu- --enable-shared --enable-linker-build-id --libexecdir=/usr/lib --without-included-gettext --enable-threads=posix --libdir=/usr/lib --enable-nls --with-sysroot=/ --enable-clocale=gnu --enable-libstdcxx-debug --enable-libstdcxx-time=yes --with-default-libstdcxx-abi=new --enable-gnu-unique-object --disable-vtable-verify --enable-libmpx --enable-plugin --enable-default-pie --with-system-zlib --with-target-system-zlib --enable-objc-gc=auto --enable-multiarch --disable-werror --with-arch-32=i686 --with-abi=m64 --with-multilib-list=m32,m64,mx32 --enable-multilib --with-tune=generic --enable-offload-targets=nvptx-none --without-cuda-driver --enable-checking=release --build=x86_64-linux-gnu --host=x86_64-linux-gnu --target=x86_64-linux-gnu
Thread model: posix
gcc version 7.4.0 (Ubuntu 7.4.0-1ubuntu1~18.04.1) 
configure:3203: $? = 0
configure:3192: gcc -V >&5
gcc: error: unrecognized command line option '-V'
gcc: fatal error: no input files
compilation terminated.
configure:3203: $? = 1
configure:3192: gcc -qversion >&5
gcc: error: unrecognized command line option '-qversion'; did you mean '--version'?
gcc: fatal error: no input files
compilation terminated.
configure:3203: $? = 1
configure:3223: checking whether the C compiler works
configure:3245: gcc    conftest.c  >&5
configure:3249: $? = 0
configure:3297: result: yes
configure:3300: checking for C compiler default output file name
configure:3302: result: a.out
configure:3308: checking for suffix of executables
configure:3315: gcc -o conftest    conftest.c  >&5
configure:3319: $? = 0
configure:3341: result: 
configure:3363: checking whether we are cross compiling
configure:3371: gcc -o conftest    conftest.c  >&5
configure:3375: $? = 0
configure:3382: ./conftest
configure:3386: $? = 0
configure:3401: result: no
configure:3406: checking for suffix of object files
configure:3428: gcc -c   conftest.c >&5
configure:3432: $? = 0
configure:3453: result: o
configure:3457: checking whether we are using the GNU C compiler
configure:3476: gcc -c   conftest.c >&5
configure:3476: $? = 0
configure:3485: result: yes
configure:3494: checking whether gcc accepts -g
configure:3514: gcc -c -g  conftest.c >&5
configure:3514: $? = 0
configure:3555: result: yes
configure:3572: checking for gcc option to accept ISO C89
configure:3635: gcc  -c -g -O2  conftest.c >&5
configure:3635: $? = 0
configure:3648: result: none needed
configure:3673: checking whether gcc understands -c and -o together
configure:3695: gcc -c conftest.c -o conftest2.o
configure:3698: $? = 0
configure:3695: gcc -c conftest.c -o conftest2.o
configure:3698: $? = 0
configure:3710: result: yes
configure:3738: checking for style of include used by make
configure:3766: result: GNU
configure:3792: checking dependency style of gcc
configure:3903: result: gcc3
configure:3922: checking for libusb_init in -lusb
configure:3947: gcc -o conftest -g -O2   conftest.c -lusb   >&5
/tmp/ccBi02j1.o: In function `main':
/home/yury/projects/amperka-boards-sdk/arm/tools/uploaders/0.0.1/src/dfu-util-0.9/conftest.c:22: undefined reference to `libusb_init'
collect2: error: ld returned 1 exit status
configure:3947: $? = 1
configure: failed program was:
| /* confdefs.h */
| #define PACKAGE_NAME "dfu-util"
| #define PACKAGE_TARNAME "dfu-util"
| #define PACKAGE_VERSION "0.9"
| #define PACKAGE_STRING "dfu-util 0.9"
| #define PACKAGE_BUGREPORT "http://sourceforge.net/p/dfu-util/tickets/"
| #define PACKAGE_URL "http://dfu-util.sourceforge.net"
| #define PACKAGE "dfu-util"
| #define VERSION "0.9"
| /* end confdefs.h.  */
| 
| /* Override any GCC internal prototype to avoid an error.
|    Use char because int might match the return type of a GCC
|    builtin and then its argument prototype would still apply.  */
| #ifdef __cplusplus
| extern "C"
| #endif
| char libusb_init ();
| int
| main ()
| {
| return libusb_init ();
|   ;
|   return 0;
| }
configure:3956: result: no
configure:4023: checking for pkg-config
configure:4041: found /usr/bin/pkg-config
configure:4053: result: /usr/bin/pkg-config
configure:4078: checking pkg-config is at least version 0.9.0
configure:4081: result: yes
configure:4093: checking for USB
configure:4100: $PKG_CONFIG --exists --print-errors "libusb-1.0 >= 1.0.0"
configure:4103: $? = 0
configure:4117: $PKG_CONFIG --exists --print-errors "libusb-1.0 >= 1.0.0"
configure:4120: $? = 0
configure:4158: result: yes
configure:4174: checking how to run the C preprocessor
configure:4205: gcc -E  conftest.c
configure:4205: $? = 0
configure:4219: gcc -E  conftest.c
conftest.c:11:10: fatal error: ac_nonexistent.h: No such file or directory
 #include <ac_nonexistent.h>
          ^~~~~~~~~~~~~~~~~~
compilation terminated.
configure:4219: $? = 1
configure: failed program was:
| /* confdefs.h */
| #define PACKAGE_NAME "dfu-util"
| #define PACKAGE_TARNAME "dfu-util"
| #define PACKAGE_VERSION "0.9"
| #define PACKAGE_STRING "dfu-util 0.9"
| #define PACKAGE_BUGREPORT "http://sourceforge.net/p/dfu-util/tickets/"
| #define PACKAGE_URL "http://dfu-util.sourceforge.net"
| #define PACKAGE "dfu-util"
| #define VERSION "0.9"
| /* end confdefs.h.  */
| #include <ac_nonexistent.h>
configure:4244: result: gcc -E
configure:4264: gcc -E  conftest.c
configure:4264: $? = 0
configure:4278: gcc -E  conftest.c
conftest.c:11:10: fatal error: ac_nonexistent.h: No such file or directory
 #include <ac_nonexistent.h>
          ^~~~~~~~~~~~~~~~~~
compilation terminated.
configure:4278: $? = 1
configure: failed program was:
| /* confdefs.h */
| #define PACKAGE_NAME "dfu-util"
| #define PACKAGE_TARNAME "dfu-util"
| #define PACKAGE_VERSION "0.9"
| #define PACKAGE_STRING "dfu-util 0.9"
| #define PACKAGE_BUGREPORT "http://sourceforge.net/p/dfu-util/tickets/"
| #define PACKAGE_URL "http://dfu-util.sourceforge.net"
| #define PACKAGE "dfu-util"
| #define VERSION "0.9"
| /* end confdefs.h.  */
| #include <ac_nonexistent.h>
configure:4307: checking for grep that handles long lines and -e
configure:4365: result: /bin/grep
configure:4370: checking for egrep
configure:4432: result: /bin/grep -E
configure:4437: checking for ANSI C header files
configure:4457: gcc -c -g -O2 -I/usr/include/libusb-1.0  conftest.c >&5
configure:4457: $? = 0
configure:4530: gcc -o conftest -g -O2 -I/usr/include/libusb-1.0   conftest.c  -lusb-1.0 >&5
configure:4530: $? = 0
configure:4530: ./conftest
configure:4530: $? = 0
configure:4541: result: yes
configure:4554: checking for sys/types.h
configure:4554: gcc -c -g -O2 -I/usr/include/libusb-1.0  conftest.c >&5
configure:4554: $? = 0
configure:4554: result: yes
configure:4554: checking for sys/stat.h
configure:4554: gcc -c -g -O2 -I/usr/include/libusb-1.0  conftest.c >&5
configure:4554: $? = 0
configure:4554: result: yes
configure:4554: checking for stdlib.h
configure:4554: gcc -c -g -O2 -I/usr/include/libusb-1.0  conftest.c >&5
configure:4554: $? = 0
configure:4554: result: yes
configure:4554: checking for string.h
configure:4554: gcc -c -g -O2 -I/usr/include/libusb-1.0  conftest.c >&5
configure:4554: $? = 0
configure:4554: result: yes
configure:4554: checking for memory.h
configure:4554: gcc -c -g -O2 -I/usr/include/libusb-1.0  conftest.c >&5
configure:4554: $? = 0
configure:4554: result: yes
configure:4554: checking for strings.h
configure:4554: gcc -c -g -O2 -I/usr/include/libusb-1.0  conftest.c >&5
configure:4554: $? = 0
configure:4554: result: yes
configure:4554: checking for inttypes.h
configure:4554: gcc -c -g -O2 -I/usr/include/libusb-1.0  conftest.c >&5
configure:4554: $? = 0
configure:4554: result: yes
configure:4554: checking for stdint.h
configure:4554: gcc -c -g -O2 -I/usr/include/libusb-1.0  conftest.c >&5
configure:4554: $? = 0
configure:4554: result: yes
configure:4554: checking for unistd.h
configure:4554: gcc -c -g -O2 -I/usr/include/libusb-1.0  conftest.c >&5
configure:4554: $? = 0
configure:4554: result: yes
configure:4569: checking windows.h usability
configure:4569: gcc -c -g -O2 -I/usr/include/libusb-1.0  conftest.c >&5
conftest.c:54:10: fatal error: windows.h: No such file or directory
 #include <windows.h>
          ^~~~~~~~~~~
compilation terminated.
configure:4569: $? = 1
configure: failed program was:
| /* confdefs.h */
| #define PACKAGE_NAME "dfu-util"
| #define PACKAGE_TARNAME "dfu-util"
| #define PACKAGE_VERSION "0.9"
| #define PACKAGE_STRING "dfu-util 0.9"
| #define PACKAGE_BUGREPORT "http://sourceforge.net/p/dfu-util/tickets/"
| #define PACKAGE_URL "http://dfu-util.sourceforge.net"
| #define PACKAGE "dfu-util"
| #define VERSION "0.9"
| #define STDC_HEADERS 1
| #define HAVE_SYS_TYPES_H 1
| #define HAVE_SYS_STAT_H 1
| #define HAVE_STDLIB_H 1
| #define HAVE_STRING_H 1
| #define HAVE_MEMORY_H 1
| #define HAVE_STRINGS_H 1
| #define HAVE_INTTYPES_H 1
| #define HAVE_STDINT_H 1
| #define HAVE_UNISTD_H 1
| /* end confdefs.h.  */
| #include <stdio.h>
| #ifdef HAVE_SYS_TYPES_H
| # include <sys/types.h>
| #endif
| #ifdef HAVE_SYS_STAT_H
| # include <sys/stat.h>
| #endif
| #ifdef STDC_HEADERS
| # include <stdlib.h>
| # include <stddef.h>
| #else
| # ifdef HAVE_STDLIB_H
| #  include <stdlib.h>
| # endif
| #endif
| #ifdef HAVE_STRING_H
| # if !defined STDC_HEADERS && defined HAVE_MEMORY_H
| #  include <memory.h>
| # endif
| # include <string.h>
| #endif
| #ifdef HAVE_STRINGS_H
| # include <strings.h>
| #endif
| #ifdef HAVE_INTTYPES_H
| # include <inttypes.h>
| #endif
| #ifdef HAVE_STDINT_H
| # include <stdint.h>
| #endif
| #ifdef HAVE_UNISTD_H
| # include <unistd.h>
| #endif
| #include <windows.h>
configure:4569: result: no
configure:4569: checking windows.h presence
configure:4569: gcc -E  conftest.c
conftest.c:21:10: fatal error: windows.h: No such file or directory
 #include <windows.h>
          ^~~~~~~~~~~
compilation terminated.
configure:4569: $? = 1
configure: failed program was:
| /* confdefs.h */
| #define PACKAGE_NAME "dfu-util"
| #define PACKAGE_TARNAME "dfu-util"
| #define PACKAGE_VERSION "0.9"
| #define PACKAGE_STRING "dfu-util 0.9"
| #define PACKAGE_BUGREPORT "http://sourceforge.net/p/dfu-util/tickets/"
| #define PACKAGE_URL "http://dfu-util.sourceforge.net"
| #define PACKAGE "dfu-util"
| #define VERSION "0.9"
| #define STDC_HEADERS 1
| #define HAVE_SYS_TYPES_H 1
| #define HAVE_SYS_STAT_H 1
| #define HAVE_STDLIB_H 1
| #define HAVE_STRING_H 1
| #define HAVE_MEMORY_H 1
| #define HAVE_STRINGS_H 1
| #define HAVE_INTTYPES_H 1
| #define HAVE_STDINT_H 1
| #define HAVE_UNISTD_H 1
| /* end confdefs.h.  */
| #include <windows.h>
configure:4569: result: no
configure:4569: checking for windows.h
configure:4569: result: no
configure:4569: checking sysexits.h usability
configure:4569: gcc -c -g -O2 -I/usr/include/libusb-1.0  conftest.c >&5
configure:4569: $? = 0
configure:4569: result: yes
configure:4569: checking sysexits.h presence
configure:4569: gcc -E  conftest.c
configure:4569: $? = 0
configure:4569: result: yes
configure:4569: checking for sysexits.h
configure:4569: result: yes
configure:4569: checking for unistd.h
configure:4569: result: yes
configure:4581: checking for an ANSI C-conforming const
configure:4647: gcc -c -g -O2 -I/usr/include/libusb-1.0  conftest.c >&5
configure:4647: $? = 0
configure:4654: result: yes
configure:4662: checking for size_t
configure:4662: gcc -c -g -O2 -I/usr/include/libusb-1.0  conftest.c >&5
configure:4662: $? = 0
configure:4662: gcc -c -g -O2 -I/usr/include/libusb-1.0  conftest.c >&5
conftest.c: In function 'main':
conftest.c:59:21: error: expected expression before ')' token
 if (sizeof ((size_t)))
                     ^
configure:4662: $? = 1
configure: failed program was:
| /* confdefs.h */
| #define PACKAGE_NAME "dfu-util"
| #define PACKAGE_TARNAME "dfu-util"
| #define PACKAGE_VERSION "0.9"
| #define PACKAGE_STRING "dfu-util 0.9"
| #define PACKAGE_BUGREPORT "http://sourceforge.net/p/dfu-util/tickets/"
| #define PACKAGE_URL "http://dfu-util.sourceforge.net"
| #define PACKAGE "dfu-util"
| #define VERSION "0.9"
| #define STDC_HEADERS 1
| #define HAVE_SYS_TYPES_H 1
| #define HAVE_SYS_STAT_H 1
| #define HAVE_STDLIB_H 1
| #define HAVE_STRING_H 1
| #define HAVE_MEMORY_H 1
| #define HAVE_STRINGS_H 1
| #define HAVE_INTTYPES_H 1
| #define HAVE_STDINT_H 1
| #define HAVE_UNISTD_H 1
| #define HAVE_SYSEXITS_H 1
| #define HAVE_UNISTD_H 1
| /* end confdefs.h.  */
| #include <stdio.h>
| #ifdef HAVE_SYS_TYPES_H
| # include <sys/types.h>
| #endif
| #ifdef HAVE_SYS_STAT_H
| # include <sys/stat.h>
| #endif
| #ifdef STDC_HEADERS
| # include <stdlib.h>
| # include <stddef.h>
| #else
| # ifdef HAVE_STDLIB_H
| #  include <stdlib.h>
| # endif
| #endif
| #ifdef HAVE_STRING_H
| # if !defined STDC_HEADERS && defined HAVE_MEMORY_H
| #  include <memory.h>
| # endif
| # include <string.h>
| #endif
| #ifdef HAVE_STRINGS_H
| # include <strings.h>
| #endif
| #ifdef HAVE_INTTYPES_H
| # include <inttypes.h>
| #endif
| #ifdef HAVE_STDINT_H
| # include <stdint.h>
| #endif
| #ifdef HAVE_UNISTD_H
| # include <unistd.h>
| #endif
| int
| main ()
| {
| if (sizeof ((size_t)))
| 	    return 0;
|   ;
|   return 0;
| }
configure:4662: result: yes
configure:4675: checking for working memcmp
configure:4718: gcc -o conftest -g -O2 -I/usr/include/libusb-1.0   conftest.c  -lusb-1.0 >&5
configure:4718: $? = 0
configure:4718: ./conftest
configure:4718: $? = 0
configure:4728: result: yes
configure:4740: checking for getpagesize
configure:4740: gcc -o conftest -g -O2 -I/usr/include/libusb-1.0   conftest.c  -lusb-1.0 >&5
configure:4740: $? = 0
configure:4740: result: yes
configure:4740: checking for nanosleep
configure:4740: gcc -o conftest -g -O2 -I/usr/include/libusb-1.0   conftest.c  -lusb-1.0 >&5
configure:4740: $? = 0
configure:4740: result: yes
configure:4740: checking for err
configure:4740: gcc -o conftest -g -O2 -I/usr/include/libusb-1.0   conftest.c  -lusb-1.0 >&5
configure:4740: $? = 0
configure:4740: result: yes
configure:4861: checking that generated files are newer than configure
configure:4867: result: done
configure:4890: creating ./config.status

## ---------------- ##
## Cache variables. ##
## ---------------- ##

ac_cv_c_compiler_gnu=yes
ac_cv_c_const=yes
ac_cv_env_CC_set=
ac_cv_env_CC_value=
ac_cv_env_CFLAGS_set=
ac_cv_env_CFLAGS_value=
ac_cv_env_CPPFLAGS_set=
ac_cv_env_CPPFLAGS_value=
ac_cv_env_CPP_set=
ac_cv_env_CPP_value=
ac_cv_env_LDFLAGS_set=
ac_cv_env_LDFLAGS_value=
ac_cv_env_LIBS_set=
ac_cv_env_LIBS_value=
ac_cv_env_PKG_CONFIG_LIBDIR_set=
ac_cv_env_PKG_CONFIG_LIBDIR_value=
ac_cv_env_PKG_CONFIG_PATH_set=
ac_cv_env_PKG_CONFIG_PATH_value=
ac_cv_env_PKG_CONFIG_set=
ac_cv_env_PKG_CONFIG_value=
ac_cv_env_USB_CFLAGS_set=
ac_cv_env_USB_CFLAGS_value=
ac_cv_env_USB_LIBS_set=
ac_cv_env_USB_LIBS_value=
ac_cv_env_build_alias_set=
ac_cv_env_build_alias_value=
ac_cv_env_host_alias_set=
ac_cv_env_host_alias_value=
ac_cv_env_target_alias_set=
ac_cv_env_target_alias_value=
ac_cv_func_err=yes
ac_cv_func_getpagesize=yes
ac_cv_func_memcmp_working=yes
ac_cv_func_nanosleep=yes
ac_cv_header_inttypes_h=yes
ac_cv_header_memory_h=yes
ac_cv_header_stdc=yes
ac_cv_header_stdint_h=yes
ac_cv_header_stdlib_h=yes
ac_cv_header_string_h=yes
ac_cv_header_strings_h=yes
ac_cv_header_sys_stat_h=yes
ac_cv_header_sys_types_h=yes
ac_cv_header_sysexits_h=yes
ac_cv_header_unistd_h=yes
ac_cv_header_windows_h=no
ac_cv_lib_usb_libusb_init=no
ac_cv_objext=o
ac_cv_path_EGREP='/bin/grep -E'
ac_cv_path_GREP=/bin/grep
ac_cv_path_ac_pt_PKG_CONFIG=/usr/bin/pkg-config
ac_cv_path_install='/usr/bin/install -c'
ac_cv_path_mkdir=/bin/mkdir
ac_cv_prog_AWK=gawk
ac_cv_prog_CPP='gcc -E'
ac_cv_prog_ac_ct_CC=gcc
ac_cv_prog_cc_c89=
ac_cv_prog_cc_g=yes
ac_cv_prog_make_make_set=yes
ac_cv_type_size_t=yes
am_cv_CC_dependencies_compiler_type=gcc3
am_cv_make_support_nested_variables=yes
am_cv_prog_cc_c_o=yes
pkg_cv_USB_CFLAGS=-I/usr/include/libusb-1.0
pkg_cv_USB_LIBS=-lusb-1.0

## ----------------- ##
## Output variables. ##
## ----------------- ##

ACLOCAL='aclocal-1.15'
AMDEPBACKSLASH='\'
AMDEP_FALSE='#'
AMDEP_TRUE=''
AMTAR='$${TAR-tar}'
AM_BACKSLASH='\'
AM_DEFAULT_V='$(AM_DEFAULT_VERBOSITY)'
AM_DEFAULT_VERBOSITY='0'
AM_V='$(V)'
AUTOCONF='autoconf'
AUTOHEADER='autoheader'
AUTOMAKE='automake-1.15'
AWK='gawk'
CC='gcc'
CCDEPMODE='depmode=gcc3'
CFLAGS='-g -O2 -I/usr/include/libusb-1.0'
CPP='gcc -E'
CPPFLAGS=''
CYGPATH_W='echo'
DEFS='-DHAVE_CONFIG_H'
DEPDIR='.deps'
ECHO_C=''
ECHO_N='-n'
ECHO_T=''
EGREP='/bin/grep -E'
EXEEXT=''
GREP='/bin/grep'
INSTALL_DATA='${INSTALL} -m 644'
INSTALL_PROGRAM='${INSTALL}'
INSTALL_SCRIPT='${INSTALL}'
INSTALL_STRIP_PROGRAM='$(install_sh) -c -s'
LDFLAGS=''
LIBOBJS=''
LIBS=' -lusb-1.0'
LTLIBOBJS=''
MAKEINFO='makeinfo'
MKDIR_P='/bin/mkdir -p'
OBJEXT='o'
PACKAGE='dfu-util'
PACKAGE_BUGREPORT='http://sourceforge.net/p/dfu-util/tickets/'
PACKAGE_NAME='dfu-util'
PACKAGE_STRING='dfu-util 0.9'
PACKAGE_TARNAME='dfu-util'
PACKAGE_URL='http://dfu-util.sourceforge.net'
PACKAGE_VERSION='0.9'
PATH_SEPARATOR=':'
PKG_CONFIG='/usr/bin/pkg-config'
PKG_CONFIG_LIBDIR=''
PKG_CONFIG_PATH=''
SET_MAKE=''
SHELL='/bin/bash'
STRIP=''
USB_CFLAGS='-I/usr/include/libusb-1.0'
USB_LIBS='-lusb-1.0'
VERSION='0.9'
ac_ct_CC='gcc'
am__EXEEXT_FALSE=''
am__EXEEXT_TRUE='#'
am__fastdepCC_FALSE='#'
am__fastdepCC_TRUE=''
am__include='include'
am__isrc=''
am__leading_dot='.'
am__nodep='_no'
am__quote=''
am__tar='$${TAR-tar} chof - "$$tardir"'
am__untar='$${TAR-tar} xf -'
bindir='${exec_prefix}/bin'
build_alias=''
datadir='${datarootdir}'
datarootdir='${prefix}/share'
docdir='${datarootdir}/doc/${PACKAGE_TARNAME}'
dvidir='${docdir}'
exec_prefix='${prefix}'
host_alias=''
htmldir='${docdir}'
includedir='${prefix}/include'
infodir='${datarootdir}/info'
install_sh='${SHELL} /home/yury/projects/amperka-boards-sdk/arm/tools/uploaders/0.0.1/src/dfu-util-0.9/m4/install-sh'
libdir='${exec_prefix}/lib'
libexecdir='${exec_prefix}/libexec'
localedir='${datarootdir}/locale'
localstatedir='${prefix}/var'
mandir='${datarootdir}/man'
mkdir_p='$(MKDIR_P)'
oldincludedir='/usr/include'
pdfdir='${docdir}'
prefix='/usr/local'
program_transform_name='s,x,x,'
psdir='${docdir}'
runstatedir='${localstatedir}/run'
sbindir='${exec_prefix}/sbin'
sharedstatedir='${prefix}/com'
sysconfdir='${prefix}/etc'
target_alias=''

## ----------- ##
## confdefs.h. ##
## ----------- ##

/* confdefs.h */
#define PACKAGE_NAME "dfu-util"
#define PACKAGE_TARNAME "dfu-util"
#define PACKAGE_VERSION "0.9"
#define PACKAGE_STRING "dfu-util 0.9"
#define PACKAGE_BUGREPORT "http://sourceforge.net/p/dfu-util/tickets/"
#define PACKAGE_URL "http://dfu-util.sourceforge.net"
#define PACKAGE "dfu-util"
#define VERSION "0.9"
#define STDC_HEADERS 1
#define HAVE_SYS_TYPES_H 1
#define HAVE_SYS_STAT_H 1
#define HAVE_STDLIB_H 1
#define HAVE_STRING_H 1
#define HAVE_MEMORY_H 1
#define HAVE_STRINGS_H 1
#define HAVE_INTTYPES_H 1
#define HAVE_STDINT_H 1
#define HAVE_UNISTD_H 1
#define HAVE_SYSEXITS_H 1
#define HAVE_UNISTD_H 1
#define HAVE_GETPAGESIZE 1
#define HAVE_NANOSLEEP 1
#define HAVE_ERR 1

configure: exit 0

## ---------------------- ##
## Running config.status. ##
## ---------------------- ##

This file was extended by dfu-util config.status 0.9, which was
generated by GNU Autoconf 2.69.  Invocation command line was

  CONFIG_FILES    = 
  CONFIG_HEADERS  = 
  CONFIG_LINKS    = 
  CONFIG_COMMANDS = 
  $ ./config.status 

on dev

config.status:866: creating Makefile
config.status:866: creating src/Makefile
config.status:866: creating doc/Makefile
config.status:866: creating config.h
config.status:1047: config.h is unchanged
config.status:1095: executing depfiles commands

## ---------------------- ##
## Running config.status. ##
## ---------------------- ##

This file was extended by dfu-util config.status 0.9, which was
generated by GNU Autoconf 2.69.  Invocation command line was

  CONFIG_FILES    = 
  CONFIG_HEADERS  = 
  CONFIG_LINKS    = 
  CONFIG_COMMANDS = 
  $ ./config.status config.h

on dev

config.status:866: creating config.h
config.status:1047: config.h is unchanged
